<?xml version="1.0" encoding="UTF-8"?>
<!-- Generated by org.testng.reporters.JUnitXMLReporter -->
<testsuite hostname="ErolsPC" ignored="0" name="Test" tests="4" failures="0" timestamp="31 Ara 2020 00:04:01 GMT" time="0.041" errors="0">
  <testcase name="@BeforeTest initialize" time="0.009" classname="academy.HomePageTest">
    <failure type="java.io.FileNotFoundException" message="C:\Users\erole\MasaÃ¼stÃ¼\Eclipse Workspace\E2EProject_02\src\main\java\resources\data.properties (Sistem belirtilen yolu bulamıyor)">
      <![CDATA[java.io.FileNotFoundException: C:\Users\erole\MasaÃ¼stÃ¼\Eclipse Workspace\E2EProject_02\src\main\java\resources\data.properties (Sistem belirtilen yolu bulamıyor)
at java.io.FileInputStream.open0(Native Method)
at java.io.FileInputStream.open(Unknown Source)
at java.io.FileInputStream.<init>(Unknown Source)
at java.io.FileInputStream.<init>(Unknown Source)
at resources.Base.initializeDriver(Base.java:21)
at academy.HomePageTest.initialize(HomePageTest.java:23)
... Removed 24 stack frames]]>
    </failure>
  </testcase> <!-- @BeforeTest initialize -->
  <testcase name="@BeforeTest initialize" time="0.0" classname="academy.ValidateNavigationBarTest">
    <skipped/>
  </testcase> <!-- @BeforeTest initialize -->
  <testcase name="@BeforeTest initialize" time="0.0" classname="academy.ValidateTitelTest">
    <skipped/>
  </testcase> <!-- @BeforeTest initialize -->
  <testcase name="@AfterTest teardown" time="0.0" classname="academy.HomePageTest">
    <skipped/>
  </testcase> <!-- @AfterTest teardown -->
  <testcase name="@AfterTest teardown" time="0.0" classname="academy.ValidateNavigationBarTest">
    <skipped/>
  </testcase> <!-- @AfterTest teardown -->
  <testcase name="@AfterTest teardown" time="0.0" classname="academy.ValidateTitelTest">
    <skipped/>
  </testcase> <!-- @AfterTest teardown -->
  <testcase name="basePageNavigation" time="0.0" classname="academy.HomePageTest">
    <skipped/>
  </testcase> <!-- basePageNavigation -->
  <testcase name="basePageNavigation" time="0.0" classname="academy.HomePageTest">
    <skipped/>
  </testcase> <!-- basePageNavigation -->
  <testcase name="basePageNavigation" time="0.0" classname="academy.ValidateTitelTest">
    <skipped/>
  </testcase> <!-- basePageNavigation -->
  <testcase name="basePageNavigation" time="0.0" classname="academy.ValidateNavigationBarTest">
    <skipped/>
  </testcase> <!-- basePageNavigation -->
</testsuite> <!-- Test -->
