<?xml version="1.0" encoding="UTF-8"?>
<!-- Generated by org.testng.reporters.JUnitXMLReporter -->
<testsuite hostname="ErolsPC" name="Validating title in the Page" tests="1" failures="1" timestamp="4 Jan 2021 23:16:00 GMT" time="26.168" errors="0">
  <testcase name="ValidateTitle" time="0.151" classname="academy.ValidateTitelTest">
    <failure type="java.lang.AssertionError" message="expected [FEATURED COURSESs] but found [FEATURED COURSES]">
      <![CDATA[java.lang.AssertionError: expected [FEATURED COURSESs] but found [FEATURED COURSES]
	at academy.ValidateTitelTest.ValidateTitle(ValidateTitelTest.java:34)
	at java.util.concurrent.FutureTask.run(Unknown Source)
	at java.util.concurrent.ThreadPoolExecutor.runWorker(Unknown Source)
	at java.util.concurrent.ThreadPoolExecutor$Worker.run(Unknown Source)
	at java.lang.Thread.run(Unknown Source)
... Removed 21 stack frames]]>
    </failure>
  </testcase> <!-- ValidateTitle -->
</testsuite> <!-- Validating title in the Page -->
