<?xml version="1.0" encoding="UTF-8"?>
<testsuite xmlns:xsi="http://www.w3.org/2001/XMLSchema-instance" xsi:noNamespaceSchemaLocation="https://maven.apache.org/surefire/maven-surefire-plugin/xsd/surefire-test-report.xsd" name="TestSuite" time="31.4" tests="4" errors="0" skipped="0" failures="1">
  <properties>
[...]
</properties>
  <testcase name="basePageNavigation" classname="academy.ValidateNavigationBarTest" time="0.229"/>
  <testcase name="ValidateTitle" classname="academy.ValidateTitelTest" time="0.144">
    <failure message="expected [FEATURED COURSESs] but found [FEATURED COURSES]" type="java.lang.AssertionError">java.lang.AssertionError: expected [FEATURED COURSESs] but found [FEATURED COURSES]
	at academy.ValidateTitelTest.ValidateTitle(ValidateTitelTest.java:34)
</failure>
  </testcase>
  <testcase name="basePageNavigation" classname="academy.HomePageTest" time="2.795"/>
  <testcase name="basePageNavigation" classname="academy.HomePageTest" time="4.255"/>
</testsuite>