<?xml version="1.0" encoding="UTF-8"?>
<testsuite xmlns:xsi="http://www.w3.org/2001/XMLSchema-instance" xsi:noNamespaceSchemaLocation="https://maven.apache.org/surefire/maven-surefire-plugin/xsd/surefire-test-report.xsd" name="TestSuite" time="27.308" tests="4" errors="0" skipped="0" failures="1">
  <properties>
[...]
</properties>
  <testcase name="ValidateTitle" classname="academy.ValidateTitelTest" time="0.162">
    <failure message="expected [FEATURED COURSESs] but found [FEATURED COURSES]" type="java.lang.AssertionError">java.lang.AssertionError: expected [FEATURED COURSESs] but found [FEATURED COURSES]
	at academy.ValidateTitelTest.ValidateTitle(ValidateTitelTest.java:34)
</failure>
    <system-err><![CDATA[Starting ChromeDriver 86.0.4240.22 (398b0743353ff36fb1b82468f63a3a93b4e2e89e-refs/branch-heads/42Sta40@{rting#378 C}h) on portr omeDriver 863.04751.4
2O4n0l.y2 2l o(398b0cal connec7t4i3o3n5s3 fafr3e allowed.6f
bP1leasbe see8 2h4t6t8pf63a3a93b4e2e89e-res:f/s/branch-heads/4240@{#378}) on port 345/31c
Only local connecthiornosm edarre allowed.
iPverlease see https://chromed.chromium.org/rsecurity-civer.chroonsideramtions foir suggestiouns on keeping CmhromeDriv.org/securer safe.
ity-considerations for suggestions on keeping ChromeDriver safe.
CChrohromeDriver was started successfully.
meDriver was started successfully.
Starting ChromeDriver 86.0.4240.22 (398b0743353ff36fb1b82468f63a3a93b4e2e89e-refs/branch-heads/4240@{#378}) on port 41258
Only local connections are allowed.
Please see https://chromedriver.chromium.org/security-considerations for suggestions on keeping ChromeDriver safe.
ChromeDriver was started successfully.
[1609802135.910][WARNING]: This version of ChromeDriver has not been tested with Chrome version 87.
[1609802135.912][WARNING]: This version of ChromeDriver has not been tested with Chrome version 87.
[1609802136.632][WARNING]: This version of ChromeDriver has not been tested with Chrome version 87.
Oca 05, 2021 12:15:38 AM org.openqa.selenium.remote.ProtocolHandshake createSession
INFO: Detected dialect: W3C
Oca 05, 2021 12:15:38 AM org.openqa.selenium.remote.ProtocolHandshake createSession
INFO: Detected dialect: W3C
Oca 05, 2021 12:15:38 AM org.openqa.selenium.remote.ProtocolHandshake createSession
INFO: Detected dialect: W3C
]]></system-err>
  </testcase>
  <testcase name="basePageNavigation" classname="academy.ValidateNavigationBarTest" time="0.076"/>
  <testcase name="basePageNavigation" classname="academy.HomePageTest" time="3.277"/>
  <testcase name="basePageNavigation" classname="academy.HomePageTest" time="2.781"/>
</testsuite>